10:29:14.803 [background-preinit] INFO  o.h.v.i.util.Version - [<clinit>,21] - HV000001: Hibernate Validator 6.2.3.Final
10:29:14.827 [restartedMain] INFO  c.r.RuoYiApplication - [logStarting,55] - Starting RuoYiApplication using Java 1.8.0_251 on DESKTOP-640TE6U with PID 27836 (E:\workspace-parent\caro2o\caro2o-admin-backend\ruoyi-admin\target\classes started by 20463 in E:\workspace-parent\caro2o)
10:29:14.827 [restartedMain] INFO  c.r.RuoYiApplication - [logStartupProfileInfo,686] - The following 1 profile is active: "druid"
10:29:18.598 [restartedMain] INFO  o.a.c.h.Http11NioProtocol - [log,173] - Initializing ProtocolHandler ["http-nio-9803"]
10:29:18.598 [restartedMain] INFO  o.a.c.c.StandardService - [log,173] - Starting service [Tomcat]
10:29:18.599 [restartedMain] INFO  o.a.c.c.StandardEngine - [log,173] - Starting Servlet engine: [Apache Tomcat/9.0.63]
10:29:18.742 [restartedMain] INFO  o.a.c.c.C.[.[.[/] - [log,173] - Initializing Spring embedded WebApplicationContext
10:29:23.029 [restartedMain] INFO  c.a.d.p.DruidDataSource - [init,972] - {dataSource-1} inited
10:29:24.085 [restartedMain] INFO  c.a.d.p.DruidDataSource - [close,2051] - {dataSource-1} closing ...
10:29:24.090 [restartedMain] INFO  c.a.d.p.DruidDataSource - [close,2124] - {dataSource-1} closed
10:29:24.278 [restartedMain] INFO  o.a.c.c.StandardService - [log,173] - Stopping service [Tomcat]
10:32:26.063 [background-preinit] INFO  o.h.v.i.util.Version - [<clinit>,21] - HV000001: Hibernate Validator 6.2.3.Final
10:32:26.068 [restartedMain] INFO  c.r.RuoYiApplication - [logStarting,55] - Starting RuoYiApplication using Java 1.8.0_251 on DESKTOP-640TE6U with PID 27032 (E:\workspace-parent\caro2o\caro2o-admin-backend\ruoyi-admin\target\classes started by 20463 in E:\workspace-parent\caro2o)
10:32:26.068 [restartedMain] INFO  c.r.RuoYiApplication - [logStartupProfileInfo,686] - The following 1 profile is active: "druid"
10:32:29.123 [restartedMain] INFO  o.a.c.h.Http11NioProtocol - [log,173] - Initializing ProtocolHandler ["http-nio-9803"]
10:32:29.123 [restartedMain] INFO  o.a.c.c.StandardService - [log,173] - Starting service [Tomcat]
10:32:29.123 [restartedMain] INFO  o.a.c.c.StandardEngine - [log,173] - Starting Servlet engine: [Apache Tomcat/9.0.63]
10:32:29.248 [restartedMain] INFO  o.a.c.c.C.[.[.[/] - [log,173] - Initializing Spring embedded WebApplicationContext
10:32:32.043 [restartedMain] INFO  c.a.d.p.DruidDataSource - [init,972] - {dataSource-1} inited
10:32:33.590 [restartedMain] INFO  o.a.e.i.c.ProcessEngineConfigurationImpl - [initConfigurators,1550] - Found 1 Process Engine Configurators in total:
10:32:33.591 [restartedMain] INFO  o.a.e.i.c.ProcessEngineConfigurationImpl - [initConfigurators,1552] - class org.activiti.spring.process.autoconfigure.ProcessExtensionsConfiguratorAutoConfiguration$$EnhancerBySpringCGLIB$$723ada97 (priority:10000)
10:32:33.591 [restartedMain] INFO  o.a.e.i.c.ProcessEngineConfigurationImpl - [configuratorsBeforeInit,1562] - Executing beforeInit() of class org.activiti.spring.process.autoconfigure.ProcessExtensionsConfiguratorAutoConfiguration$$EnhancerBySpringCGLIB$$723ada97 (priority:10000)
10:32:34.032 [restartedMain] INFO  o.a.e.i.c.ProcessEngineConfigurationImpl - [configuratorsAfterInit,1569] - Executing configure() of class org.activiti.spring.process.autoconfigure.ProcessExtensionsConfiguratorAutoConfiguration$$EnhancerBySpringCGLIB$$723ada97 (priority:10000)
10:32:34.212 [restartedMain] INFO  o.a.e.i.ProcessEngineImpl - [<init>,74] - ProcessEngine default created
10:32:35.840 [restartedMain] INFO  o.q.i.StdSchedulerFactory - [instantiate,1220] - Using default implementation for ThreadExecutor
10:32:35.856 [restartedMain] INFO  o.q.c.SchedulerSignalerImpl - [<init>,61] - Initialized Scheduler Signaller of type: class org.quartz.core.SchedulerSignalerImpl
10:32:35.856 [restartedMain] INFO  o.q.c.QuartzScheduler - [<init>,229] - Quartz Scheduler v.2.3.2 created.
10:32:35.858 [restartedMain] INFO  o.q.s.RAMJobStore - [initialize,155] - RAMJobStore initialized.
10:32:35.859 [restartedMain] INFO  o.q.c.QuartzScheduler - [initialize,294] - Scheduler meta-data: Quartz Scheduler (v2.3.2) 'quartzScheduler' with instanceId 'NON_CLUSTERED'
  Scheduler class: 'org.quartz.core.QuartzScheduler' - running locally.
  NOT STARTED.
  Currently in standby mode.
  Number of jobs executed: 0
  Using thread pool 'org.quartz.simpl.SimpleThreadPool' - with 10 threads.
  Using job-store 'org.quartz.simpl.RAMJobStore' - which does not support persistence. and is not clustered.

10:32:35.859 [restartedMain] INFO  o.q.i.StdSchedulerFactory - [instantiate,1374] - Quartz scheduler 'quartzScheduler' initialized from an externally provided properties instance.
10:32:35.859 [restartedMain] INFO  o.q.i.StdSchedulerFactory - [instantiate,1378] - Quartz scheduler version: 2.3.2
10:32:35.859 [restartedMain] INFO  o.q.c.QuartzScheduler - [setJobFactory,2293] - JobFactory set to: org.springframework.scheduling.quartz.SpringBeanJobFactory@214133ab
10:32:38.619 [restartedMain] INFO  o.a.c.h.Http11NioProtocol - [log,173] - Starting ProtocolHandler ["http-nio-9803"]
10:32:38.940 [restartedMain] INFO  o.q.c.QuartzScheduler - [start,547] - Scheduler quartzScheduler_$_NON_CLUSTERED started.
10:32:38.954 [restartedMain] INFO  c.r.RuoYiApplication - [logStarted,61] - Started RuoYiApplication in 13.324 seconds (JVM running for 14.712)
10:32:39.399 [RMI TCP Connection(2)-192.168.103.1] INFO  o.a.c.c.C.[.[.[/] - [log,173] - Initializing Spring DispatcherServlet 'dispatcherServlet'
10:32:53.999 [schedule-pool-1] INFO  sys-user - [run,55] - [127.0.0.1]内网IP[admin][Success][登录成功]
10:35:31.235 [SpringApplicationShutdownHook] INFO  o.q.c.QuartzScheduler - [standby,585] - Scheduler quartzScheduler_$_NON_CLUSTERED paused.
10:35:31.645 [SpringApplicationShutdownHook] INFO  o.q.c.QuartzScheduler - [shutdown,666] - Scheduler quartzScheduler_$_NON_CLUSTERED shutting down.
10:35:31.645 [SpringApplicationShutdownHook] INFO  o.q.c.QuartzScheduler - [standby,585] - Scheduler quartzScheduler_$_NON_CLUSTERED paused.
10:35:31.646 [SpringApplicationShutdownHook] INFO  o.q.c.QuartzScheduler - [shutdown,740] - Scheduler quartzScheduler_$_NON_CLUSTERED shutdown complete.
10:35:31.646 [SpringApplicationShutdownHook] INFO  sys-user - [shutdownAsyncManager,31] - ====关闭后台任务任务线程池====
10:35:31.652 [SpringApplicationShutdownHook] INFO  c.a.d.p.DruidDataSource - [close,2051] - {dataSource-1} closing ...
10:35:31.681 [SpringApplicationShutdownHook] INFO  c.a.d.p.DruidDataSource - [close,2124] - {dataSource-1} closed
