12:17:41.833 [restartedMain] INFO  c.r.RuoYiApplication - [logStarting,55] - Starting RuoYiApplication using Java 1.8.0_251 on DESKTOP-640TE6U with PID 6988 (E:\workspace-parent\caro2o\caro2o-admin-backend\ruoyi-admin\target\classes started by 20463 in E:\workspace-parent\caro2o)
12:17:41.840 [restartedMain] INFO  c.r.RuoYiApplication - [logStartupProfileInfo,686] - The following 1 profile is active: "druid"
12:17:41.868 [background-preinit] INFO  o.h.v.i.util.Version - [<clinit>,21] - HV000001: Hibernate Validator 6.2.3.Final
12:17:57.016 [restartedMain] INFO  o.a.c.h.Http11NioProtocol - [log,173] - Initializing ProtocolHandler ["http-nio-9803"]
12:17:57.017 [restartedMain] INFO  o.a.c.c.StandardService - [log,173] - Starting service [Tomcat]
12:17:57.018 [restartedMain] INFO  o.a.c.c.StandardEngine - [log,173] - Starting Servlet engine: [Apache Tomcat/9.0.63]
12:17:57.169 [restartedMain] INFO  o.a.c.c.C.[.[.[/] - [log,173] - Initializing Spring embedded WebApplicationContext
12:18:03.405 [restartedMain] INFO  c.a.d.p.DruidDataSource - [init,972] - {dataSource-1} inited
12:18:05.110 [restartedMain] INFO  o.a.e.i.c.ProcessEngineConfigurationImpl - [initConfigurators,1550] - Found 1 Process Engine Configurators in total:
12:18:05.111 [restartedMain] INFO  o.a.e.i.c.ProcessEngineConfigurationImpl - [initConfigurators,1552] - class org.activiti.spring.process.autoconfigure.ProcessExtensionsConfiguratorAutoConfiguration$$EnhancerBySpringCGLIB$$ff6669a8 (priority:10000)
12:18:05.111 [restartedMain] INFO  o.a.e.i.c.ProcessEngineConfigurationImpl - [configuratorsBeforeInit,1562] - Executing beforeInit() of class org.activiti.spring.process.autoconfigure.ProcessExtensionsConfiguratorAutoConfiguration$$EnhancerBySpringCGLIB$$ff6669a8 (priority:10000)
12:18:05.674 [restartedMain] INFO  o.a.e.i.c.ProcessEngineConfigurationImpl - [configuratorsAfterInit,1569] - Executing configure() of class org.activiti.spring.process.autoconfigure.ProcessExtensionsConfiguratorAutoConfiguration$$EnhancerBySpringCGLIB$$ff6669a8 (priority:10000)
12:18:05.762 [restartedMain] INFO  o.a.e.i.ProcessEngineImpl - [<init>,74] - ProcessEngine default created
12:18:08.361 [restartedMain] INFO  o.q.i.StdSchedulerFactory - [instantiate,1220] - Using default implementation for ThreadExecutor
12:18:08.371 [restartedMain] INFO  o.q.c.SchedulerSignalerImpl - [<init>,61] - Initialized Scheduler Signaller of type: class org.quartz.core.SchedulerSignalerImpl
12:18:08.371 [restartedMain] INFO  o.q.c.QuartzScheduler - [<init>,229] - Quartz Scheduler v.2.3.2 created.
12:18:08.372 [restartedMain] INFO  o.q.s.RAMJobStore - [initialize,155] - RAMJobStore initialized.
12:18:08.373 [restartedMain] INFO  o.q.c.QuartzScheduler - [initialize,294] - Scheduler meta-data: Quartz Scheduler (v2.3.2) 'quartzScheduler' with instanceId 'NON_CLUSTERED'
  Scheduler class: 'org.quartz.core.QuartzScheduler' - running locally.
  NOT STARTED.
  Currently in standby mode.
  Number of jobs executed: 0
  Using thread pool 'org.quartz.simpl.SimpleThreadPool' - with 10 threads.
  Using job-store 'org.quartz.simpl.RAMJobStore' - which does not support persistence. and is not clustered.

12:18:08.373 [restartedMain] INFO  o.q.i.StdSchedulerFactory - [instantiate,1374] - Quartz scheduler 'quartzScheduler' initialized from an externally provided properties instance.
12:18:08.373 [restartedMain] INFO  o.q.i.StdSchedulerFactory - [instantiate,1378] - Quartz scheduler version: 2.3.2
12:18:08.373 [restartedMain] INFO  o.q.c.QuartzScheduler - [setJobFactory,2293] - JobFactory set to: org.springframework.scheduling.quartz.SpringBeanJobFactory@6eb8f331
12:18:13.507 [restartedMain] INFO  o.a.c.h.Http11NioProtocol - [log,173] - Starting ProtocolHandler ["http-nio-9803"]
12:18:13.887 [restartedMain] INFO  o.q.c.QuartzScheduler - [start,547] - Scheduler quartzScheduler_$_NON_CLUSTERED started.
12:18:13.901 [restartedMain] INFO  c.r.RuoYiApplication - [logStarted,61] - Started RuoYiApplication in 33.534 seconds (JVM running for 44.503)
12:18:15.002 [RMI TCP Connection(2)-192.168.1.5] INFO  o.a.c.c.C.[.[.[/] - [log,173] - Initializing Spring DispatcherServlet 'dispatcherServlet'
12:20:30.885 [schedule-pool-1] INFO  sys-user - [run,55] - [127.0.0.1]内网IP[admin][Error][验证码已失效]
12:20:33.439 [schedule-pool-1] INFO  sys-user - [run,55] - [127.0.0.1]内网IP[admin][Success][登录成功]
12:52:56.412 [SpringApplicationShutdownHook] INFO  o.q.c.QuartzScheduler - [standby,585] - Scheduler quartzScheduler_$_NON_CLUSTERED paused.
12:53:32.052 [restartedMain] INFO  c.r.RuoYiApplication - [logStarting,55] - Starting RuoYiApplication using Java 1.8.0_251 on DESKTOP-640TE6U with PID 32688 (E:\workspace-parent\caro2o\caro2o-admin-backend\ruoyi-admin\target\classes started by 20463 in E:\workspace-parent\caro2o)
12:53:32.051 [background-preinit] INFO  o.h.v.i.util.Version - [<clinit>,21] - HV000001: Hibernate Validator 6.2.3.Final
12:53:32.055 [restartedMain] INFO  c.r.RuoYiApplication - [logStartupProfileInfo,686] - The following 1 profile is active: "druid"
12:53:47.953 [restartedMain] INFO  o.a.c.h.Http11NioProtocol - [log,173] - Initializing ProtocolHandler ["http-nio-9803"]
12:53:47.954 [restartedMain] INFO  o.a.c.c.StandardService - [log,173] - Starting service [Tomcat]
12:53:47.954 [restartedMain] INFO  o.a.c.c.StandardEngine - [log,173] - Starting Servlet engine: [Apache Tomcat/9.0.63]
12:53:48.099 [restartedMain] INFO  o.a.c.c.C.[.[.[/] - [log,173] - Initializing Spring embedded WebApplicationContext
12:53:54.734 [restartedMain] INFO  c.a.d.p.DruidDataSource - [init,972] - {dataSource-1} inited
12:53:56.842 [restartedMain] INFO  o.a.e.i.c.ProcessEngineConfigurationImpl - [initConfigurators,1550] - Found 1 Process Engine Configurators in total:
12:53:56.844 [restartedMain] INFO  o.a.e.i.c.ProcessEngineConfigurationImpl - [initConfigurators,1552] - class org.activiti.spring.process.autoconfigure.ProcessExtensionsConfiguratorAutoConfiguration$$EnhancerBySpringCGLIB$$c0299fad (priority:10000)
12:53:56.845 [restartedMain] INFO  o.a.e.i.c.ProcessEngineConfigurationImpl - [configuratorsBeforeInit,1562] - Executing beforeInit() of class org.activiti.spring.process.autoconfigure.ProcessExtensionsConfiguratorAutoConfiguration$$EnhancerBySpringCGLIB$$c0299fad (priority:10000)
12:53:57.640 [restartedMain] INFO  o.a.e.i.c.ProcessEngineConfigurationImpl - [configuratorsAfterInit,1569] - Executing configure() of class org.activiti.spring.process.autoconfigure.ProcessExtensionsConfiguratorAutoConfiguration$$EnhancerBySpringCGLIB$$c0299fad (priority:10000)
12:53:57.786 [restartedMain] INFO  o.a.e.i.ProcessEngineImpl - [<init>,74] - ProcessEngine default created
12:54:01.057 [restartedMain] INFO  o.q.i.StdSchedulerFactory - [instantiate,1220] - Using default implementation for ThreadExecutor
12:54:01.069 [restartedMain] INFO  o.q.c.SchedulerSignalerImpl - [<init>,61] - Initialized Scheduler Signaller of type: class org.quartz.core.SchedulerSignalerImpl
12:54:01.070 [restartedMain] INFO  o.q.c.QuartzScheduler - [<init>,229] - Quartz Scheduler v.2.3.2 created.
12:54:01.070 [restartedMain] INFO  o.q.s.RAMJobStore - [initialize,155] - RAMJobStore initialized.
12:54:01.071 [restartedMain] INFO  o.q.c.QuartzScheduler - [initialize,294] - Scheduler meta-data: Quartz Scheduler (v2.3.2) 'quartzScheduler' with instanceId 'NON_CLUSTERED'
  Scheduler class: 'org.quartz.core.QuartzScheduler' - running locally.
  NOT STARTED.
  Currently in standby mode.
  Number of jobs executed: 0
  Using thread pool 'org.quartz.simpl.SimpleThreadPool' - with 10 threads.
  Using job-store 'org.quartz.simpl.RAMJobStore' - which does not support persistence. and is not clustered.

12:54:01.073 [restartedMain] INFO  o.q.i.StdSchedulerFactory - [instantiate,1374] - Quartz scheduler 'quartzScheduler' initialized from an externally provided properties instance.
12:54:01.073 [restartedMain] INFO  o.q.i.StdSchedulerFactory - [instantiate,1378] - Quartz scheduler version: 2.3.2
12:54:01.073 [restartedMain] INFO  o.q.c.QuartzScheduler - [setJobFactory,2293] - JobFactory set to: org.springframework.scheduling.quartz.SpringBeanJobFactory@7056c8c1
12:54:03.667 [restartedMain] INFO  o.a.c.h.Http11NioProtocol - [log,173] - Starting ProtocolHandler ["http-nio-9803"]
12:54:03.994 [restartedMain] INFO  o.q.c.QuartzScheduler - [start,547] - Scheduler quartzScheduler_$_NON_CLUSTERED started.
12:54:04.014 [restartedMain] INFO  c.r.RuoYiApplication - [logStarted,61] - Started RuoYiApplication in 33.261 seconds (JVM running for 40.349)
12:54:04.613 [RMI TCP Connection(7)-192.168.1.5] INFO  o.a.c.c.C.[.[.[/] - [log,173] - Initializing Spring DispatcherServlet 'dispatcherServlet'
12:56:21.278 [schedule-pool-1] INFO  sys-user - [run,55] - [127.0.0.1]内网IP[admin][Error][验证码已失效]
12:56:32.390 [schedule-pool-1] INFO  sys-user - [run,55] - [127.0.0.1]内网IP[admin][Error][验证码已失效]
12:56:46.608 [schedule-pool-2] INFO  sys-user - [run,55] - [127.0.0.1]内网IP[admin][Success][登录成功]
15:16:43.816 [schedule-pool-3] INFO  sys-user - [run,55] - [127.0.0.1]内网IP[admin][Success][登录成功]
16:28:52.244 [schedule-pool-2] INFO  sys-user - [run,55] - [127.0.0.1]内网IP[admin][Success][登录成功]
16:37:04.966 [SpringApplicationShutdownHook] INFO  o.q.c.QuartzScheduler - [standby,585] - Scheduler quartzScheduler_$_NON_CLUSTERED paused.
16:37:15.800 [background-preinit] INFO  o.h.v.i.util.Version - [<clinit>,21] - HV000001: Hibernate Validator 6.2.3.Final
16:37:15.808 [restartedMain] INFO  c.r.RuoYiApplication - [logStarting,55] - Starting RuoYiApplication using Java 1.8.0_251 on DESKTOP-640TE6U with PID 2504 (E:\workspace-parent\caro2o\caro2o-admin-backend\ruoyi-admin\target\classes started by 20463 in E:\workspace-parent\caro2o)
16:37:15.809 [restartedMain] INFO  c.r.RuoYiApplication - [logStartupProfileInfo,686] - The following 1 profile is active: "druid"
16:37:22.507 [restartedMain] INFO  o.a.c.h.Http11NioProtocol - [log,173] - Initializing ProtocolHandler ["http-nio-9803"]
16:37:22.507 [restartedMain] INFO  o.a.c.c.StandardService - [log,173] - Starting service [Tomcat]
16:37:22.508 [restartedMain] INFO  o.a.c.c.StandardEngine - [log,173] - Starting Servlet engine: [Apache Tomcat/9.0.63]
16:37:22.684 [restartedMain] INFO  o.a.c.c.C.[.[.[/] - [log,173] - Initializing Spring embedded WebApplicationContext
16:37:26.408 [restartedMain] INFO  c.a.d.p.DruidDataSource - [init,972] - {dataSource-1} inited
16:37:27.726 [restartedMain] INFO  o.a.e.i.c.ProcessEngineConfigurationImpl - [initConfigurators,1550] - Found 1 Process Engine Configurators in total:
16:37:27.727 [restartedMain] INFO  o.a.e.i.c.ProcessEngineConfigurationImpl - [initConfigurators,1552] - class org.activiti.spring.process.autoconfigure.ProcessExtensionsConfiguratorAutoConfiguration$$EnhancerBySpringCGLIB$$d0e929d8 (priority:10000)
16:37:27.727 [restartedMain] INFO  o.a.e.i.c.ProcessEngineConfigurationImpl - [configuratorsBeforeInit,1562] - Executing beforeInit() of class org.activiti.spring.process.autoconfigure.ProcessExtensionsConfiguratorAutoConfiguration$$EnhancerBySpringCGLIB$$d0e929d8 (priority:10000)
16:37:28.176 [restartedMain] INFO  o.a.e.i.c.ProcessEngineConfigurationImpl - [configuratorsAfterInit,1569] - Executing configure() of class org.activiti.spring.process.autoconfigure.ProcessExtensionsConfiguratorAutoConfiguration$$EnhancerBySpringCGLIB$$d0e929d8 (priority:10000)
16:37:28.275 [restartedMain] INFO  o.a.e.i.ProcessEngineImpl - [<init>,74] - ProcessEngine default created
16:37:29.831 [restartedMain] INFO  o.q.i.StdSchedulerFactory - [instantiate,1220] - Using default implementation for ThreadExecutor
16:37:29.841 [restartedMain] INFO  o.q.c.SchedulerSignalerImpl - [<init>,61] - Initialized Scheduler Signaller of type: class org.quartz.core.SchedulerSignalerImpl
16:37:29.842 [restartedMain] INFO  o.q.c.QuartzScheduler - [<init>,229] - Quartz Scheduler v.2.3.2 created.
16:37:29.842 [restartedMain] INFO  o.q.s.RAMJobStore - [initialize,155] - RAMJobStore initialized.
16:37:29.843 [restartedMain] INFO  o.q.c.QuartzScheduler - [initialize,294] - Scheduler meta-data: Quartz Scheduler (v2.3.2) 'quartzScheduler' with instanceId 'NON_CLUSTERED'
  Scheduler class: 'org.quartz.core.QuartzScheduler' - running locally.
  NOT STARTED.
  Currently in standby mode.
  Number of jobs executed: 0
  Using thread pool 'org.quartz.simpl.SimpleThreadPool' - with 10 threads.
  Using job-store 'org.quartz.simpl.RAMJobStore' - which does not support persistence. and is not clustered.

16:37:29.843 [restartedMain] INFO  o.q.i.StdSchedulerFactory - [instantiate,1374] - Quartz scheduler 'quartzScheduler' initialized from an externally provided properties instance.
16:37:29.843 [restartedMain] INFO  o.q.i.StdSchedulerFactory - [instantiate,1378] - Quartz scheduler version: 2.3.2
16:37:29.844 [restartedMain] INFO  o.q.c.QuartzScheduler - [setJobFactory,2293] - JobFactory set to: org.springframework.scheduling.quartz.SpringBeanJobFactory@5fd71bc0
16:37:32.735 [restartedMain] INFO  o.a.c.h.Http11NioProtocol - [log,173] - Starting ProtocolHandler ["http-nio-9803"]
16:37:33.270 [restartedMain] INFO  o.q.c.QuartzScheduler - [start,547] - Scheduler quartzScheduler_$_NON_CLUSTERED started.
16:37:33.294 [restartedMain] INFO  c.r.RuoYiApplication - [logStarted,61] - Started RuoYiApplication in 18.188 seconds (JVM running for 20.37)
16:37:33.864 [RMI TCP Connection(3)-192.168.1.5] INFO  o.a.c.c.C.[.[.[/] - [log,173] - Initializing Spring DispatcherServlet 'dispatcherServlet'
16:44:36.467 [SpringApplicationShutdownHook] INFO  o.q.c.QuartzScheduler - [standby,585] - Scheduler quartzScheduler_$_NON_CLUSTERED paused.
16:44:45.147 [background-preinit] INFO  o.h.v.i.util.Version - [<clinit>,21] - HV000001: Hibernate Validator 6.2.3.Final
16:44:45.150 [restartedMain] INFO  c.r.RuoYiApplication - [logStarting,55] - Starting RuoYiApplication using Java 1.8.0_251 on DESKTOP-640TE6U with PID 16772 (E:\workspace-parent\caro2o\caro2o-admin-backend\ruoyi-admin\target\classes started by 20463 in E:\workspace-parent\caro2o)
16:44:45.152 [restartedMain] INFO  c.r.RuoYiApplication - [logStartupProfileInfo,686] - The following 1 profile is active: "druid"
16:44:51.772 [restartedMain] INFO  o.a.c.h.Http11NioProtocol - [log,173] - Initializing ProtocolHandler ["http-nio-9803"]
16:44:51.773 [restartedMain] INFO  o.a.c.c.StandardService - [log,173] - Starting service [Tomcat]
16:44:51.773 [restartedMain] INFO  o.a.c.c.StandardEngine - [log,173] - Starting Servlet engine: [Apache Tomcat/9.0.63]
16:44:52.008 [restartedMain] INFO  o.a.c.c.C.[.[.[/] - [log,173] - Initializing Spring embedded WebApplicationContext
16:44:55.669 [restartedMain] INFO  c.a.d.p.DruidDataSource - [init,972] - {dataSource-1} inited
16:44:56.968 [restartedMain] INFO  o.a.e.i.c.ProcessEngineConfigurationImpl - [initConfigurators,1550] - Found 1 Process Engine Configurators in total:
16:44:56.969 [restartedMain] INFO  o.a.e.i.c.ProcessEngineConfigurationImpl - [initConfigurators,1552] - class org.activiti.spring.process.autoconfigure.ProcessExtensionsConfiguratorAutoConfiguration$$EnhancerBySpringCGLIB$$dd2af3ea (priority:10000)
16:44:56.970 [restartedMain] INFO  o.a.e.i.c.ProcessEngineConfigurationImpl - [configuratorsBeforeInit,1562] - Executing beforeInit() of class org.activiti.spring.process.autoconfigure.ProcessExtensionsConfiguratorAutoConfiguration$$EnhancerBySpringCGLIB$$dd2af3ea (priority:10000)
16:44:57.415 [restartedMain] INFO  o.a.e.i.c.ProcessEngineConfigurationImpl - [configuratorsAfterInit,1569] - Executing configure() of class org.activiti.spring.process.autoconfigure.ProcessExtensionsConfiguratorAutoConfiguration$$EnhancerBySpringCGLIB$$dd2af3ea (priority:10000)
16:44:57.492 [restartedMain] INFO  o.a.e.i.ProcessEngineImpl - [<init>,74] - ProcessEngine default created
16:44:59.062 [restartedMain] INFO  o.q.i.StdSchedulerFactory - [instantiate,1220] - Using default implementation for ThreadExecutor
16:44:59.072 [restartedMain] INFO  o.q.c.SchedulerSignalerImpl - [<init>,61] - Initialized Scheduler Signaller of type: class org.quartz.core.SchedulerSignalerImpl
16:44:59.072 [restartedMain] INFO  o.q.c.QuartzScheduler - [<init>,229] - Quartz Scheduler v.2.3.2 created.
16:44:59.073 [restartedMain] INFO  o.q.s.RAMJobStore - [initialize,155] - RAMJobStore initialized.
16:44:59.073 [restartedMain] INFO  o.q.c.QuartzScheduler - [initialize,294] - Scheduler meta-data: Quartz Scheduler (v2.3.2) 'quartzScheduler' with instanceId 'NON_CLUSTERED'
  Scheduler class: 'org.quartz.core.QuartzScheduler' - running locally.
  NOT STARTED.
  Currently in standby mode.
  Number of jobs executed: 0
  Using thread pool 'org.quartz.simpl.SimpleThreadPool' - with 10 threads.
  Using job-store 'org.quartz.simpl.RAMJobStore' - which does not support persistence. and is not clustered.

16:44:59.073 [restartedMain] INFO  o.q.i.StdSchedulerFactory - [instantiate,1374] - Quartz scheduler 'quartzScheduler' initialized from an externally provided properties instance.
16:44:59.074 [restartedMain] INFO  o.q.i.StdSchedulerFactory - [instantiate,1378] - Quartz scheduler version: 2.3.2
16:44:59.074 [restartedMain] INFO  o.q.c.QuartzScheduler - [setJobFactory,2293] - JobFactory set to: org.springframework.scheduling.quartz.SpringBeanJobFactory@5f598fec
16:45:01.401 [restartedMain] INFO  o.a.c.h.Http11NioProtocol - [log,173] - Starting ProtocolHandler ["http-nio-9803"]
16:45:01.684 [restartedMain] INFO  o.q.c.QuartzScheduler - [start,547] - Scheduler quartzScheduler_$_NON_CLUSTERED started.
16:45:01.698 [restartedMain] INFO  c.r.RuoYiApplication - [logStarted,61] - Started RuoYiApplication in 17.191 seconds (JVM running for 19.069)
16:45:02.574 [RMI TCP Connection(7)-192.168.1.5] INFO  o.a.c.c.C.[.[.[/] - [log,173] - Initializing Spring DispatcherServlet 'dispatcherServlet'
18:19:21.678 [SpringApplicationShutdownHook] INFO  o.q.c.QuartzScheduler - [standby,585] - Scheduler quartzScheduler_$_NON_CLUSTERED paused.
